PLINK v1.9.0-b.8 64-bit (22 Oct 2024)
Options in effect:
  --bfile ./data/toy_plink
  --genome
  --out plink_ibd

Hostname: Hannahs-MacBook-Air-6.local
Working directory: /Users/hannahcoates/cse284-genomics-final-project
Start time: Wed Mar  4 23:46:10 2026

Random number seed: 1772696770
16384 MB RAM detected; reserving 8192 MB for main workspace.
500 variants loaded from .bim file.
50 people (0 males, 0 females, 50 ambiguous) loaded from .fam.
Ambiguous sex IDs written to plink_ibd.nosex .
Using up to 8 threads (change this with --threads).
Before main variant filters, 50 founders and 0 nonfounders present.
Calculating allele frequencies... done.
Total genotyping rate is exactly 1.
500 variants and 50 people pass filters and QC.
Note: No phenotypes present.
IBD calculations complete.
Finished writing plink_ibd.genome .

End time: Wed Mar  4 23:46:10 2026
